Configuring bitarray-0.0.1.1...
Building bitarray-0.0.1.1...
Preprocessing library bitarray-0.0.1.1...
[1 of 4] Compiling Data.BitArray.Immutable ( Data/BitArray/Immutable.hs, .stack-work/dist/x86_64-linux-tinfo6/Cabal-1.24.2.0/build/Data/BitArray/Immutable.o )
[2 of 4] Compiling Data.BitArray.ST ( Data/BitArray/ST.hs, .stack-work/dist/x86_64-linux-tinfo6/Cabal-1.24.2.0/build/Data/BitArray/ST.o )

Data/BitArray/ST.hs:51:5: warning: [-Wname-shadowing]
    This binding for ‘words’ shadows the existing binding
      imported from ‘Prelude’ at Data/BitArray/ST.hs:4:8-23
      (and originally defined in ‘base-4.9.1.0:Data.OldList’)
[3 of 4] Compiling Data.BitArray.IO ( Data/BitArray/IO.hs, .stack-work/dist/x86_64-linux-tinfo6/Cabal-1.24.2.0/build/Data/BitArray/IO.o )

Data/BitArray/IO.hs:49:5: warning: [-Wname-shadowing]
    This binding for ‘words’ shadows the existing binding
      imported from ‘Prelude’ at Data/BitArray/IO.hs:4:8-23
      (and originally defined in ‘base-4.9.1.0:Data.OldList’)
[4 of 4] Compiling Data.BitArray    ( Data/BitArray.hs, .stack-work/dist/x86_64-linux-tinfo6/Cabal-1.24.2.0/build/Data/BitArray.o )

Data/BitArray.hs:28:1: warning: [-Wunused-imports]
    The import of ‘Data.Word’ is redundant
      except perhaps to import instances from ‘Data.Word’
    To import instances alone, use: import Data.Word()

Data/BitArray.hs:37:1: warning: [-Worphans]
    Orphan instance: instance Eq BitArray
    To avoid this
        move the instance declaration to the module of the class or of the type, or
        wrap the type with a newtype and declare the instance on the new type.

Data/BitArray.hs:40:1: warning: [-Worphans]
    Orphan instance: instance Ord BitArray
    To avoid this
        move the instance declaration to the module of the class or of the type, or
        wrap the type with a newtype and declare the instance on the new type.

Data/BitArray.hs:43:1: warning: [-Worphans]
    Orphan instance: instance Show BitArray
    To avoid this
        move the instance declaration to the module of the class or of the type, or
        wrap the type with a newtype and declare the instance on the new type.

Data/BitArray.hs:71:1: warning:
    SPECIALISE pragma for non-overloaded function ‘accumBitArray’

Data/BitArray.hs:86:10: warning: [-Wname-shadowing]
    This binding for ‘bs’ shadows the existing binding
      bound at Data/BitArray.hs:82:20

Data/BitArray.hs:87:11: warning: [-Wname-shadowing]
    This binding for ‘bs’ shadows the existing binding
      bound at Data/BitArray.hs:82:20
Installing library in
/home/fluxit/.stack/snapshots/x86_64-linux-tinfo6/lts-9.21/8.0.2/lib/x86_64-linux-ghc-8.0.2/bitarray-0.0.1.1-ISZdXKCdEZI2kyFA42ACof
Registering bitarray-0.0.1.1...
